# JRE version: OpenJDK Runtime Environment (8.0_202-b03) (build 1.8.0_202-release-1483-b03)
# Java VM: OpenJDK 64-Bit Server VM (25.202-b03 mixed mode windows-amd64 compressed oops)
Heap:
 PSYoungGen      total 168448K, used 19943K [0x00000000e0000000, 0x00000000ebf00000, 0x0000000100000000)
  eden space 158720K, 8% used [0x00000000e0000000,0x00000000e0d14850,0x00000000e9b00000)
  from space 9728K, 67% used [0x00000000eb580000,0x00000000ebbe5730,0x00000000ebf00000)
  to   space 18432K, 0% used [0x00000000e9b00000,0x00000000e9b00000,0x00000000ead00000)
 ParOldGen       total 90624K, used 31563K [0x00000000a0000000, 0x00000000a5880000, 0x00000000e0000000)
  object space 90624K, 34% used [0x00000000a0000000,0x00000000a1ed2f18,0x00000000a5880000)
 Metaspace       used 63539K, capacity 65880K, committed 66048K, reserved 1105920K
  class space    used 8621K, capacity 9162K, committed 9216K, reserved 1048576K
GC Heap History (10 events):
Event: 14.681 GC heap before
{Heap before GC invocations=13 (full 2):
 PSYoungGen      total 124928K, used 113664K [0x00000000e0000000, 0x00000000ea480000, 0x0000000100000000)
  eden space 113664K, 100% used [0x00000000e0000000,0x00000000e6f00000,0x00000000e6f00000)
  from space 11264K, 0% used [0x00000000e7b80000,0x00000000e7b80000,0x00000000e8680000)
  to   space 12800K, 0% used [0x00000000e6f00000,0x00000000e6f00000,0x00000000e7b80000)
 ParOldGen       total 56832K, used 16612K [0x00000000a0000000, 0x00000000a3780000, 0x00000000e0000000)
  object space 56832K, 29% used [0x00000000a0000000,0x00000000a1039028,0x00000000a3780000)
 Metaspace       used 45384K, capacity 46610K, committed 46848K, reserved 1089536K
  class space    used 6112K, capacity 6382K, committed 6400K, reserved 1048576K
Event: 14.701 GC heap after
Heap after GC invocations=13 (full 2):
 PSYoungGen      total 126464K, used 12795K [0x00000000e0000000, 0x00000000ea780000, 0x0000000100000000)
  eden space 113664K, 0% used [0x00000000e0000000,0x00000000e0000000,0x00000000e6f00000)
  from space 12800K, 99% used [0x00000000e6f00000,0x00000000e7b7ecc0,0x00000000e7b80000)
  to   space 15360K, 0% used [0x00000000e9880000,0x00000000e9880000,0x00000000ea780000)
 ParOldGen       total 56832K, used 18459K [0x00000000a0000000, 0x00000000a3780000, 0x00000000e0000000)
  object space 56832K, 32% used [0x00000000a0000000,0x00000000a1206d00,0x00000000a3780000)
 Metaspace       used 45384K, capacity 46610K, committed 46848K, reserved 1089536K
  class space    used 6112K, capacity 6382K, committed 6400K, reserved 1048576K
}
Event: 17.360 GC heap before
{Heap before GC invocations=14 (full 2):
 PSYoungGen      total 126464K, used 126459K [0x00000000e0000000, 0x00000000ea780000, 0x0000000100000000)
  eden space 113664K, 100% used [0x00000000e0000000,0x00000000e6f00000,0x00000000e6f00000)
  from space 12800K, 99% used [0x00000000e6f00000,0x00000000e7b7ecc0,0x00000000e7b80000)
  to   space 15360K, 0% used [0x00000000e9880000,0x00000000e9880000,0x00000000ea780000)
 ParOldGen       total 56832K, used 18459K [0x00000000a0000000, 0x00000000a3780000, 0x00000000e0000000)
  object space 56832K, 32% used [0x00000000a0000000,0x00000000a1206d00,0x00000000a3780000)
 Metaspace       used 54305K, capacity 56126K, committed 56192K, reserved 1097728K
  class space    used 7371K, capacity 7778K, committed 7808K, reserved 1048576K
Event: 17.392 GC heap after
Heap after GC invocations=14 (full 2):
 PSYoungGen      total 152064K, used 15353K [0x00000000e0000000, 0x00000000eaf80000, 0x0000000100000000)
  eden space 136704K, 0% used [0x00000000e0000000,0x00000000e0000000,0x00000000e8580000)
  from space 15360K, 99% used [0x00000000e9880000,0x00000000ea77e650,0x00000000ea780000)
  to   space 19456K, 0% used [0x00000000e8580000,0x00000000e8580000,0x00000000e9880000)
 ParOldGen       total 56832K, used 22457K [0x00000000a0000000, 0x00000000a3780000, 0x00000000e0000000)
  object space 56832K, 39% used [0x00000000a0000000,0x00000000a15ee620,0x00000000a3780000)
 Metaspace       used 54305K, capacity 56126K, committed 56192K, reserved 1097728K
  class space    used 7371K, capacity 7778K, committed 7808K, reserved 1048576K
}
Event: 21.854 GC heap before
{Heap before GC invocations=15 (full 2):
 PSYoungGen      total 152064K, used 77424K [0x00000000e0000000, 0x00000000eaf80000, 0x0000000100000000)
  eden space 136704K, 45% used [0x00000000e0000000,0x00000000e3c9dd98,0x00000000e8580000)
  from space 15360K, 99% used [0x00000000e9880000,0x00000000ea77e650,0x00000000ea780000)
  to   space 19456K, 0% used [0x00000000e8580000,0x00000000e8580000,0x00000000e9880000)
 ParOldGen       total 56832K, used 22457K [0x00000000a0000000, 0x00000000a3780000, 0x00000000e0000000)
  object space 56832K, 39% used [0x00000000a0000000,0x00000000a15ee620,0x00000000a3780000)
 Metaspace       used 57014K, capacity 58956K, committed 59096K, reserved 1099776K
  class space    used 7774K, capacity 8231K, committed 8320K, reserved 1048576K
Event: 21.883 GC heap after
Heap after GC invocations=15 (full 2):
 PSYoungGen      total 156160K, used 10484K [0x00000000e0000000, 0x00000000ec800000, 0x0000000100000000)
  eden space 136704K, 0% used [0x00000000e0000000,0x00000000e0000000,0x00000000e8580000)
  from space 19456K, 53% used [0x00000000e8580000,0x00000000e8fbd250,0x00000000e9880000)
  to   space 18944K, 0% used [0x00000000eb580000,0x00000000eb580000,0x00000000ec800000)
 ParOldGen       total 56832K, used 29117K [0x00000000a0000000, 0x00000000a3780000, 0x00000000e0000000)
  object space 56832K, 51% used [0x00000000a0000000,0x00000000a1c6f6b8,0x00000000a3780000)
 Metaspace       used 57014K, capacity 58956K, committed 59096K, reserved 1099776K
  class space    used 7774K, capacity 8231K, committed 8320K, reserved 1048576K
}
Event: 21.883 GC heap before
{Heap before GC invocations=16 (full 3):
 PSYoungGen      total 156160K, used 10484K [0x00000000e0000000, 0x00000000ec800000, 0x0000000100000000)
  eden space 136704K, 0% used [0x00000000e0000000,0x00000000e0000000,0x00000000e8580000)
  from space 19456K, 53% used [0x00000000e8580000,0x00000000e8fbd250,0x00000000e9880000)
  to   space 18944K, 0% used [0x00000000eb580000,0x00000000eb580000,0x00000000ec800000)
 ParOldGen       total 56832K, used 29117K [0x00000000a0000000, 0x00000000a3780000, 0x00000000e0000000)
  object space 56832K, 51% used [0x00000000a0000000,0x00000000a1c6f6b8,0x00000000a3780000)
 Metaspace       used 57014K, capacity 58956K, committed 59096K, reserved 1099776K
  class space    used 7774K, capacity 8231K, committed 8320K, reserved 1048576K
Event: 22.205 GC heap after
Heap after GC invocations=16 (full 3):
 PSYoungGen      total 156160K, used 0K [0x00000000e0000000, 0x00000000ec800000, 0x0000000100000000)
  eden space 136704K, 0% used [0x00000000e0000000,0x00000000e0000000,0x00000000e8580000)
  from space 19456K, 0% used [0x00000000e8580000,0x00000000e8580000,0x00000000e9880000)
  to   space 18944K, 0% used [0x00000000eb580000,0x00000000eb580000,0x00000000ec800000)
 ParOldGen       total 90624K, used 31555K [0x00000000a0000000, 0x00000000a5880000, 0x00000000e0000000)
  object space 90624K, 34% used [0x00000000a0000000,0x00000000a1ed0f18,0x00000000a5880000)
 Metaspace       used 57007K, capacity 58932K, committed 59096K, reserved 1099776K
  class space    used 7772K, capacity 8227K, committed 8320K, reserved 1048576K
}
Event: 33.192 GC heap before
{Heap before GC invocations=17 (full 3):
 PSYoungGen      total 156160K, used 136704K [0x00000000e0000000, 0x00000000ec800000, 0x0000000100000000)
  eden space 136704K, 100% used [0x00000000e0000000,0x00000000e8580000,0x00000000e8580000)
  from space 19456K, 0% used [0x00000000e8580000,0x00000000e8580000,0x00000000e9880000)
  to   space 18944K, 0% used [0x00000000eb580000,0x00000000eb580000,0x00000000ec800000)
 ParOldGen       total 90624K, used 31555K [0x00000000a0000000, 0x00000000a5880000, 0x00000000e0000000)
  object space 90624K, 34% used [0x00000000a0000000,0x00000000a1ed0f18,0x00000000a5880000)
 Metaspace       used 62073K, capacity 64334K, committed 64640K, reserved 1105920K
  class space    used 8464K, capacity 8995K, committed 9088K, reserved 1048576K
Event: 33.209 GC heap after
Heap after GC invocations=17 (full 3):
 PSYoungGen      total 168448K, used 6549K [0x00000000e0000000, 0x00000000ebf00000, 0x0000000100000000)
  eden space 158720K, 0% used [0x00000000e0000000,0x00000000e0000000,0x00000000e9b00000)
  from space 9728K, 67% used [0x00000000eb580000,0x00000000ebbe5730,0x00000000ebf00000)
  to   space 18432K, 0% used [0x00000000e9b00000,0x00000000e9b00000,0x00000000ead00000)
 ParOldGen       total 90624K, used 31563K [0x00000000a0000000, 0x00000000a5880000, 0x00000000e0000000)
  object space 90624K, 34% used [0x00000000a0000000,0x00000000a1ed2f18,0x00000000a5880000)
 Metaspace       used 62073K, capacity 64334K, committed 64640K, reserved 1105920K
  class space    used 8464K, capacity 8995K, committed 9088K, reserved 1048576K
}

