# JRE version: OpenJDK Runtime Environment (8.0_202-b03) (build 1.8.0_202-release-1483-b03)
# Java VM: OpenJDK 64-Bit Server VM (25.202-b03 mixed mode windows-amd64 compressed oops)
Heap:
 PSYoungGen      total 174080K, used 38812K [0x00000000e0000000, 0x00000000eba80000, 0x0000000100000000)
  eden space 159232K, 16% used [0x00000000e0000000,0x00000000e1a44d58,0x00000000e9b80000)
  from space 14848K, 80% used [0x00000000eab80000,0x00000000eb722300,0x00000000eba00000)
  to   space 15872K, 0% used [0x00000000e9b80000,0x00000000e9b80000,0x00000000eab00000)
 ParOldGen       total 53760K, used 29394K [0x00000000a0000000, 0x00000000a3480000, 0x00000000e0000000)
  object space 53760K, 54% used [0x00000000a0000000,0x00000000a1cb4ab0,0x00000000a3480000)
 Metaspace       used 57160K, capacity 58696K, committed 58840K, reserved 1099776K
  class space    used 7737K, capacity 8133K, committed 8192K, reserved 1048576K
GC Heap History (10 events):
Event: 13.298 GC heap before
{Heap before GC invocations=10 (full 1):
 PSYoungGen      total 103424K, used 103072K [0x00000000e0000000, 0x00000000e8700000, 0x0000000100000000)
  eden space 95744K, 100% used [0x00000000e0000000,0x00000000e5d80000,0x00000000e5d80000)
  from space 7680K, 95% used [0x00000000e7f80000,0x00000000e86a8268,0x00000000e8700000)
  to   space 10240K, 0% used [0x00000000e7300000,0x00000000e7300000,0x00000000e7d00000)
 ParOldGen       total 36352K, used 11054K [0x00000000a0000000, 0x00000000a2380000, 0x00000000e0000000)
  object space 36352K, 30% used [0x00000000a0000000,0x00000000a0acb980,0x00000000a2380000)
 Metaspace       used 33513K, capacity 34046K, committed 34304K, reserved 1079296K
  class space    used 4610K, capacity 4812K, committed 4864K, reserved 1048576K
Event: 13.312 GC heap after
Heap after GC invocations=10 (full 1):
 PSYoungGen      total 128000K, used 10239K [0x00000000e0000000, 0x00000000e9400000, 0x0000000100000000)
  eden space 117760K, 0% used [0x00000000e0000000,0x00000000e0000000,0x00000000e7300000)
  from space 10240K, 99% used [0x00000000e7300000,0x00000000e7cfff48,0x00000000e7d00000)
  to   space 11776K, 0% used [0x00000000e8880000,0x00000000e8880000,0x00000000e9400000)
 ParOldGen       total 36352K, used 11410K [0x00000000a0000000, 0x00000000a2380000, 0x00000000e0000000)
  object space 36352K, 31% used [0x00000000a0000000,0x00000000a0b24808,0x00000000a2380000)
 Metaspace       used 33513K, capacity 34046K, committed 34304K, reserved 1079296K
  class space    used 4610K, capacity 4812K, committed 4864K, reserved 1048576K
}
Event: 14.471 GC heap before
{Heap before GC invocations=11 (full 1):
 PSYoungGen      total 128000K, used 38908K [0x00000000e0000000, 0x00000000e9400000, 0x0000000100000000)
  eden space 117760K, 24% used [0x00000000e0000000,0x00000000e1bff2e0,0x00000000e7300000)
  from space 10240K, 99% used [0x00000000e7300000,0x00000000e7cfff48,0x00000000e7d00000)
  to   space 11776K, 0% used [0x00000000e8880000,0x00000000e8880000,0x00000000e9400000)
 ParOldGen       total 36352K, used 11410K [0x00000000a0000000, 0x00000000a2380000, 0x00000000e0000000)
  object space 36352K, 31% used [0x00000000a0000000,0x00000000a0b24808,0x00000000a2380000)
 Metaspace       used 34702K, capacity 35302K, committed 35416K, reserved 1079296K
  class space    used 4763K, capacity 4942K, committed 4992K, reserved 1048576K
Event: 14.491 GC heap after
Heap after GC invocations=11 (full 1):
 PSYoungGen      total 140288K, used 5859K [0x00000000e0000000, 0x00000000eb280000, 0x0000000100000000)
  eden space 128512K, 0% used [0x00000000e0000000,0x00000000e0000000,0x00000000e7d80000)
  from space 11776K, 49% used [0x00000000e8880000,0x00000000e8e38ce8,0x00000000e9400000)
  to   space 11264K, 0% used [0x00000000e7d80000,0x00000000e7d80000,0x00000000e8880000)
 ParOldGen       total 36352K, used 14446K [0x00000000a0000000, 0x00000000a2380000, 0x00000000e0000000)
  object space 36352K, 39% used [0x00000000a0000000,0x00000000a0e1b828,0x00000000a2380000)
 Metaspace       used 34702K, capacity 35302K, committed 35416K, reserved 1079296K
  class space    used 4763K, capacity 4942K, committed 4992K, reserved 1048576K
}
Event: 14.491 GC heap before
{Heap before GC invocations=12 (full 2):
 PSYoungGen      total 140288K, used 5859K [0x00000000e0000000, 0x00000000eb280000, 0x0000000100000000)
  eden space 128512K, 0% used [0x00000000e0000000,0x00000000e0000000,0x00000000e7d80000)
  from space 11776K, 49% used [0x00000000e8880000,0x00000000e8e38ce8,0x00000000e9400000)
  to   space 11264K, 0% used [0x00000000e7d80000,0x00000000e7d80000,0x00000000e8880000)
 ParOldGen       total 36352K, used 14446K [0x00000000a0000000, 0x00000000a2380000, 0x00000000e0000000)
  object space 36352K, 39% used [0x00000000a0000000,0x00000000a0e1b828,0x00000000a2380000)
 Metaspace       used 34702K, capacity 35302K, committed 35416K, reserved 1079296K
  class space    used 4763K, capacity 4942K, committed 4992K, reserved 1048576K
Event: 14.629 GC heap after
Heap after GC invocations=12 (full 2):
 PSYoungGen      total 140288K, used 0K [0x00000000e0000000, 0x00000000eb280000, 0x0000000100000000)
  eden space 128512K, 0% used [0x00000000e0000000,0x00000000e0000000,0x00000000e7d80000)
  from space 11776K, 0% used [0x00000000e8880000,0x00000000e8880000,0x00000000e9400000)
  to   space 11264K, 0% used [0x00000000e7d80000,0x00000000e7d80000,0x00000000e8880000)
 ParOldGen       total 53760K, used 15514K [0x00000000a0000000, 0x00000000a3480000, 0x00000000e0000000)
  object space 53760K, 28% used [0x00000000a0000000,0x00000000a0f26a70,0x00000000a3480000)
 Metaspace       used 34686K, capacity 35248K, committed 35416K, reserved 1079296K
  class space    used 4758K, capacity 4933K, committed 4992K, reserved 1048576K
}
Event: 20.657 GC heap before
{Heap before GC invocations=13 (full 2):
 PSYoungGen      total 140288K, used 128512K [0x00000000e0000000, 0x00000000eb280000, 0x0000000100000000)
  eden space 128512K, 100% used [0x00000000e0000000,0x00000000e7d80000,0x00000000e7d80000)
  from space 11776K, 0% used [0x00000000e8880000,0x00000000e8880000,0x00000000e9400000)
  to   space 11264K, 0% used [0x00000000e7d80000,0x00000000e7d80000,0x00000000e8880000)
 ParOldGen       total 53760K, used 15514K [0x00000000a0000000, 0x00000000a3480000, 0x00000000e0000000)
  object space 53760K, 28% used [0x00000000a0000000,0x00000000a0f26a70,0x00000000a3480000)
 Metaspace       used 47499K, capacity 48700K, committed 48984K, reserved 1091584K
  class space    used 6401K, capacity 6721K, committed 6784K, reserved 1048576K
Event: 20.690 GC heap after
Heap after GC invocations=13 (full 2):
 PSYoungGen      total 139776K, used 11239K [0x00000000e0000000, 0x00000000eba00000, 0x0000000100000000)
  eden space 128512K, 0% used [0x00000000e0000000,0x00000000e0000000,0x00000000e7d80000)
  from space 11264K, 99% used [0x00000000e7d80000,0x00000000e8879dc8,0x00000000e8880000)
  to   space 14848K, 0% used [0x00000000eab80000,0x00000000eab80000,0x00000000eba00000)
 ParOldGen       total 53760K, used 21053K [0x00000000a0000000, 0x00000000a3480000, 0x00000000e0000000)
  object space 53760K, 39% used [0x00000000a0000000,0x00000000a148f428,0x00000000a3480000)
 Metaspace       used 47499K, capacity 48700K, committed 48984K, reserved 1091584K
  class space    used 6401K, capacity 6721K, committed 6784K, reserved 1048576K
}
Event: 26.909 GC heap before
{Heap before GC invocations=14 (full 2):
 PSYoungGen      total 139776K, used 139751K [0x00000000e0000000, 0x00000000eba00000, 0x0000000100000000)
  eden space 128512K, 100% used [0x00000000e0000000,0x00000000e7d80000,0x00000000e7d80000)
  from space 11264K, 99% used [0x00000000e7d80000,0x00000000e8879dc8,0x00000000e8880000)
  to   space 14848K, 0% used [0x00000000eab80000,0x00000000eab80000,0x00000000eba00000)
 ParOldGen       total 53760K, used 21053K [0x00000000a0000000, 0x00000000a3480000, 0x00000000e0000000)
  object space 53760K, 39% used [0x00000000a0000000,0x00000000a148f428,0x00000000a3480000)
 Metaspace       used 56734K, capacity 58232K, committed 58328K, reserved 1099776K
  class space    used 7703K, capacity 8105K, committed 8192K, reserved 1048576K
Event: 26.948 GC heap after
Heap after GC invocations=14 (full 2):
 PSYoungGen      total 174080K, used 11912K [0x00000000e0000000, 0x00000000eba80000, 0x0000000100000000)
  eden space 159232K, 0% used [0x00000000e0000000,0x00000000e0000000,0x00000000e9b80000)
  from space 14848K, 80% used [0x00000000eab80000,0x00000000eb722300,0x00000000eba00000)
  to   space 15872K, 0% used [0x00000000e9b80000,0x00000000e9b80000,0x00000000eab00000)
 ParOldGen       total 53760K, used 29394K [0x00000000a0000000, 0x00000000a3480000, 0x00000000e0000000)
  object space 53760K, 54% used [0x00000000a0000000,0x00000000a1cb4ab0,0x00000000a3480000)
 Metaspace       used 56734K, capacity 58232K, committed 58328K, reserved 1099776K
  class space    used 7703K, capacity 8105K, committed 8192K, reserved 1048576K
}

